<?xml version="1.0" encoding="UTF-8"?>
<testng-results skipped="0" failed="0" ignored="0" total="1" passed="1">
  <reporter-output>
  </reporter-output>
  <suite name="Default suite" duration-ms="7070" started-at="2023-10-25T17:30:47 IST" finished-at="2023-10-25T17:30:54 IST">
    <groups>
    </groups>
    <test name="Default test" duration-ms="7070" started-at="2023-10-25T17:30:47 IST" finished-at="2023-10-25T17:30:54 IST">
      <class name="Generic_Library.PractiseTest">
        <test-method status="PASS" signature="m4()[pri:0, instance:Generic_Library.PractiseTest@9a7504c]" name="m4" duration-ms="7002" started-at="2023-10-25T17:30:47 IST" finished-at="2023-10-25T17:30:54 IST">
          <reporter-output>
          </reporter-output>
        </test-method> <!-- m4 -->
      </class> <!-- Generic_Library.PractiseTest -->
    </test> <!-- Default test -->
  </suite> <!-- Default suite -->
</testng-results>
